<?xml version="1.0" encoding="UTF-8"?>
<!-- Generated by org.testng.reporters.JUnitXMLReporter -->
<testsuite ignored="0" hostname="DESKTOP-NCHRHGP" failures="0" tests="6" name="Default test" time="50.659" errors="0" timestamp="2021-09-26T20:15:47 IST">
  <testcase classname="allTests.HomePage_Test3" name="Test" time="0.119"/>
  <testcase classname="allTests.HomePage_Test3" name="Test" time="0.063"/>
  <testcase classname="allTests.HomePage_Test3" name="Test" time="0.048"/>
  <testcase classname="allTests.HomePage_Test3" name="Test" time="0.046"/>
  <testcase classname="allTests.HomePage_Test3" name="Test" time="0.039"/>
  <testcase classname="allTests.HomePage_Test3" name="Test" time="0.044"/>
</testsuite> <!-- Default test -->
