<?xml version="1.0" encoding="UTF-8"?>
<!-- Generated by org.testng.reporters.JUnitXMLReporter -->
<testsuite ignored="0" hostname="DESKTOP-NCHRHGP" failures="0" tests="6" name="Default test" time="48.763" errors="0" timestamp="2021-08-20T11:23:00 IST">
  <testcase classname="allTests.HomePage_Test2" name="Test" time="0.517"/>
  <testcase classname="allTests.HomePage_Test2" name="Test" time="0.229"/>
  <testcase classname="allTests.HomePage_Test2" name="Test" time="0.082"/>
  <testcase classname="allTests.HomePage_Test2" name="Test" time="0.296"/>
  <testcase classname="allTests.HomePage_Test2" name="Test" time="0.082"/>
  <testcase classname="allTests.HomePage_Test2" name="Test" time="0.182"/>
</testsuite> <!-- Default test -->
