<?xml version="1.0" encoding="UTF-8"?>
<testng-results ignored="0" total="6" passed="6" failed="0" skipped="0">
  <reporter-output>
  </reporter-output>
  <suite started-at="2021-09-26T20:14:56 IST" name="Default suite" finished-at="2021-09-26T20:15:47 IST" duration-ms="50659">
    <groups>
    </groups>
    <test started-at="2021-09-26T20:14:56 IST" name="Default test" finished-at="2021-09-26T20:15:47 IST" duration-ms="50659">
      <class name="allTests.HomePage_Test3">
        <test-method is-config="true" signature="launchApplication()[pri:0, instance:allTests.HomePage_Test3@3daa422a]" started-at="2021-09-26T20:14:57 IST" name="launchApplication" finished-at="2021-09-26T20:15:05 IST" duration-ms="7997" status="PASS">
          <reporter-output>
          </reporter-output>
        </test-method> <!-- launchApplication -->
        <test-method signature="Test(java.lang.String)[pri:0, instance:allTests.HomePage_Test3@3daa422a]" started-at="2021-09-26T20:15:05 IST" name="Test" data-provider="TestDataDrivenHomePage" finished-at="2021-09-26T20:15:05 IST" duration-ms="119" status="PASS">
          <params>
            <param index="0">
              <value>
                <![CDATA[Men]]>
              </value>
            </param>
          </params>
          <reporter-output>
          </reporter-output>
        </test-method> <!-- Test -->
        <test-method is-config="true" signature="closeApplication()[pri:0, instance:allTests.HomePage_Test3@3daa422a]" started-at="2021-09-26T20:15:05 IST" name="closeApplication" finished-at="2021-09-26T20:15:07 IST" duration-ms="2270" status="PASS">
          <reporter-output>
          </reporter-output>
        </test-method> <!-- closeApplication -->
        <test-method is-config="true" signature="launchApplication()[pri:0, instance:allTests.HomePage_Test3@3daa422a]" started-at="2021-09-26T20:15:07 IST" name="launchApplication" finished-at="2021-09-26T20:15:14 IST" duration-ms="7168" status="PASS">
          <reporter-output>
          </reporter-output>
        </test-method> <!-- launchApplication -->
        <test-method signature="Test(java.lang.String)[pri:0, instance:allTests.HomePage_Test3@3daa422a]" started-at="2021-09-26T20:15:14 IST" name="Test" data-provider="TestDataDrivenHomePage" finished-at="2021-09-26T20:15:14 IST" duration-ms="63" status="PASS">
          <params>
            <param index="0">
              <value>
                <![CDATA[Women]]>
              </value>
            </param>
          </params>
          <reporter-output>
          </reporter-output>
        </test-method> <!-- Test -->
        <test-method is-config="true" signature="closeApplication()[pri:0, instance:allTests.HomePage_Test3@3daa422a]" started-at="2021-09-26T20:15:14 IST" name="closeApplication" finished-at="2021-09-26T20:15:15 IST" duration-ms="742" status="PASS">
          <reporter-output>
          </reporter-output>
        </test-method> <!-- closeApplication -->
        <test-method is-config="true" signature="launchApplication()[pri:0, instance:allTests.HomePage_Test3@3daa422a]" started-at="2021-09-26T20:15:15 IST" name="launchApplication" finished-at="2021-09-26T20:15:22 IST" duration-ms="6641" status="PASS">
          <reporter-output>
          </reporter-output>
        </test-method> <!-- launchApplication -->
        <test-method signature="Test(java.lang.String)[pri:0, instance:allTests.HomePage_Test3@3daa422a]" started-at="2021-09-26T20:15:22 IST" name="Test" data-provider="TestDataDrivenHomePage" finished-at="2021-09-26T20:15:22 IST" duration-ms="48" status="PASS">
          <params>
            <param index="0">
              <value>
                <![CDATA[HL]]>
              </value>
            </param>
          </params>
          <reporter-output>
          </reporter-output>
        </test-method> <!-- Test -->
        <test-method is-config="true" signature="closeApplication()[pri:0, instance:allTests.HomePage_Test3@3daa422a]" started-at="2021-09-26T20:15:22 IST" name="closeApplication" finished-at="2021-09-26T20:15:23 IST" duration-ms="745" status="PASS">
          <reporter-output>
          </reporter-output>
        </test-method> <!-- closeApplication -->
        <test-method is-config="true" signature="launchApplication()[pri:0, instance:allTests.HomePage_Test3@3daa422a]" started-at="2021-09-26T20:15:23 IST" name="launchApplication" finished-at="2021-09-26T20:15:30 IST" duration-ms="7794" status="PASS">
          <reporter-output>
          </reporter-output>
        </test-method> <!-- launchApplication -->
        <test-method signature="Test(java.lang.String)[pri:0, instance:allTests.HomePage_Test3@3daa422a]" started-at="2021-09-26T20:15:30 IST" name="Test" data-provider="TestDataDrivenHomePage" finished-at="2021-09-26T20:15:30 IST" duration-ms="46" status="PASS">
          <params>
            <param index="0">
              <value>
                <![CDATA[Kids]]>
              </value>
            </param>
          </params>
          <reporter-output>
          </reporter-output>
        </test-method> <!-- Test -->
        <test-method is-config="true" signature="closeApplication()[pri:0, instance:allTests.HomePage_Test3@3daa422a]" started-at="2021-09-26T20:15:30 IST" name="closeApplication" finished-at="2021-09-26T20:15:31 IST" duration-ms="863" status="PASS">
          <reporter-output>
          </reporter-output>
        </test-method> <!-- closeApplication -->
        <test-method is-config="true" signature="launchApplication()[pri:0, instance:allTests.HomePage_Test3@3daa422a]" started-at="2021-09-26T20:15:31 IST" name="launchApplication" finished-at="2021-09-26T20:15:39 IST" duration-ms="7661" status="PASS">
          <reporter-output>
          </reporter-output>
        </test-method> <!-- launchApplication -->
        <test-method signature="Test(java.lang.String)[pri:0, instance:allTests.HomePage_Test3@3daa422a]" started-at="2021-09-26T20:15:39 IST" name="Test" data-provider="TestDataDrivenHomePage" finished-at="2021-09-26T20:15:39 IST" duration-ms="39" status="PASS">
          <params>
            <param index="0">
              <value>
                <![CDATA[Beauty]]>
              </value>
            </param>
          </params>
          <reporter-output>
          </reporter-output>
        </test-method> <!-- Test -->
        <test-method is-config="true" signature="closeApplication()[pri:0, instance:allTests.HomePage_Test3@3daa422a]" started-at="2021-09-26T20:15:39 IST" name="closeApplication" finished-at="2021-09-26T20:15:40 IST" duration-ms="756" status="PASS">
          <reporter-output>
          </reporter-output>
        </test-method> <!-- closeApplication -->
        <test-method is-config="true" signature="launchApplication()[pri:0, instance:allTests.HomePage_Test3@3daa422a]" started-at="2021-09-26T20:15:40 IST" name="launchApplication" finished-at="2021-09-26T20:15:46 IST" duration-ms="6019" status="PASS">
          <reporter-output>
          </reporter-output>
        </test-method> <!-- launchApplication -->
        <test-method signature="Test(java.lang.String)[pri:0, instance:allTests.HomePage_Test3@3daa422a]" started-at="2021-09-26T20:15:46 IST" name="Test" data-provider="TestDataDrivenHomePage" finished-at="2021-09-26T20:15:46 IST" duration-ms="44" status="PASS">
          <params>
            <param index="0">
              <value>
                <![CDATA[SearchBar]]>
              </value>
            </param>
          </params>
          <reporter-output>
          </reporter-output>
        </test-method> <!-- Test -->
        <test-method is-config="true" signature="closeApplication()[pri:0, instance:allTests.HomePage_Test3@3daa422a]" started-at="2021-09-26T20:15:46 IST" name="closeApplication" finished-at="2021-09-26T20:15:47 IST" duration-ms="871" status="PASS">
          <reporter-output>
          </reporter-output>
        </test-method> <!-- closeApplication -->
      </class> <!-- allTests.HomePage_Test3 -->
    </test> <!-- Default test -->
  </suite> <!-- Default suite -->
</testng-results>
