<?xml version="1.0" encoding="UTF-8"?>
<testng-results ignored="0" total="6" passed="6" failed="0" skipped="0">
  <reporter-output>
  </reporter-output>
  <suite started-at="2021-08-20T11:22:11 IST" name="Default suite" finished-at="2021-08-20T11:23:00 IST" duration-ms="48763">
    <groups>
    </groups>
    <test started-at="2021-08-20T11:22:11 IST" name="Default test" finished-at="2021-08-20T11:23:00 IST" duration-ms="48763">
      <class name="allTests.HomePage_Test2">
        <test-method is-config="true" signature="launchApplication()[pri:0, instance:allTests.HomePage_Test2@3daa422a]" started-at="2021-08-20T11:22:11 IST" name="launchApplication" finished-at="2021-08-20T11:22:19 IST" duration-ms="7819" status="PASS">
          <reporter-output>
          </reporter-output>
        </test-method> <!-- launchApplication -->
        <test-method signature="Test(java.lang.String)[pri:0, instance:allTests.HomePage_Test2@3daa422a]" started-at="2021-08-20T11:22:19 IST" name="Test" data-provider="TestDataDrivenHomePage" finished-at="2021-08-20T11:22:20 IST" duration-ms="517" status="PASS">
          <params>
            <param index="0">
              <value>
                <![CDATA[Men]]>
              </value>
            </param>
          </params>
          <reporter-output>
          </reporter-output>
        </test-method> <!-- Test -->
        <test-method is-config="true" signature="closeApplication()[pri:0, instance:allTests.HomePage_Test2@3daa422a]" started-at="2021-08-20T11:22:20 IST" name="closeApplication" finished-at="2021-08-20T11:22:21 IST" duration-ms="837" status="PASS">
          <reporter-output>
          </reporter-output>
        </test-method> <!-- closeApplication -->
        <test-method is-config="true" signature="launchApplication()[pri:0, instance:allTests.HomePage_Test2@3daa422a]" started-at="2021-08-20T11:22:21 IST" name="launchApplication" finished-at="2021-08-20T11:22:26 IST" duration-ms="5037" status="PASS">
          <reporter-output>
          </reporter-output>
        </test-method> <!-- launchApplication -->
        <test-method signature="Test(java.lang.String)[pri:0, instance:allTests.HomePage_Test2@3daa422a]" started-at="2021-08-20T11:22:26 IST" name="Test" data-provider="TestDataDrivenHomePage" finished-at="2021-08-20T11:22:26 IST" duration-ms="229" status="PASS">
          <params>
            <param index="0">
              <value>
                <![CDATA[Women]]>
              </value>
            </param>
          </params>
          <reporter-output>
          </reporter-output>
        </test-method> <!-- Test -->
        <test-method is-config="true" signature="closeApplication()[pri:0, instance:allTests.HomePage_Test2@3daa422a]" started-at="2021-08-20T11:22:26 IST" name="closeApplication" finished-at="2021-08-20T11:22:27 IST" duration-ms="955" status="PASS">
          <reporter-output>
          </reporter-output>
        </test-method> <!-- closeApplication -->
        <test-method is-config="true" signature="launchApplication()[pri:0, instance:allTests.HomePage_Test2@3daa422a]" started-at="2021-08-20T11:22:27 IST" name="launchApplication" finished-at="2021-08-20T11:22:35 IST" duration-ms="8516" status="PASS">
          <reporter-output>
          </reporter-output>
        </test-method> <!-- launchApplication -->
        <test-method signature="Test(java.lang.String)[pri:0, instance:allTests.HomePage_Test2@3daa422a]" started-at="2021-08-20T11:22:35 IST" name="Test" data-provider="TestDataDrivenHomePage" finished-at="2021-08-20T11:22:35 IST" duration-ms="82" status="PASS">
          <params>
            <param index="0">
              <value>
                <![CDATA[HL]]>
              </value>
            </param>
          </params>
          <reporter-output>
          </reporter-output>
        </test-method> <!-- Test -->
        <test-method is-config="true" signature="closeApplication()[pri:0, instance:allTests.HomePage_Test2@3daa422a]" started-at="2021-08-20T11:22:35 IST" name="closeApplication" finished-at="2021-08-20T11:22:36 IST" duration-ms="929" status="PASS">
          <reporter-output>
          </reporter-output>
        </test-method> <!-- closeApplication -->
        <test-method is-config="true" signature="launchApplication()[pri:0, instance:allTests.HomePage_Test2@3daa422a]" started-at="2021-08-20T11:22:36 IST" name="launchApplication" finished-at="2021-08-20T11:22:44 IST" duration-ms="7465" status="PASS">
          <reporter-output>
          </reporter-output>
        </test-method> <!-- launchApplication -->
        <test-method signature="Test(java.lang.String)[pri:0, instance:allTests.HomePage_Test2@3daa422a]" started-at="2021-08-20T11:22:44 IST" name="Test" data-provider="TestDataDrivenHomePage" finished-at="2021-08-20T11:22:44 IST" duration-ms="296" status="PASS">
          <params>
            <param index="0">
              <value>
                <![CDATA[Kids]]>
              </value>
            </param>
          </params>
          <reporter-output>
          </reporter-output>
        </test-method> <!-- Test -->
        <test-method is-config="true" signature="closeApplication()[pri:0, instance:allTests.HomePage_Test2@3daa422a]" started-at="2021-08-20T11:22:44 IST" name="closeApplication" finished-at="2021-08-20T11:22:45 IST" duration-ms="900" status="PASS">
          <reporter-output>
          </reporter-output>
        </test-method> <!-- closeApplication -->
        <test-method is-config="true" signature="launchApplication()[pri:0, instance:allTests.HomePage_Test2@3daa422a]" started-at="2021-08-20T11:22:45 IST" name="launchApplication" finished-at="2021-08-20T11:22:52 IST" duration-ms="6697" status="PASS">
          <reporter-output>
          </reporter-output>
        </test-method> <!-- launchApplication -->
        <test-method signature="Test(java.lang.String)[pri:0, instance:allTests.HomePage_Test2@3daa422a]" started-at="2021-08-20T11:22:52 IST" name="Test" data-provider="TestDataDrivenHomePage" finished-at="2021-08-20T11:22:52 IST" duration-ms="82" status="PASS">
          <params>
            <param index="0">
              <value>
                <![CDATA[Beauty]]>
              </value>
            </param>
          </params>
          <reporter-output>
          </reporter-output>
        </test-method> <!-- Test -->
        <test-method is-config="true" signature="closeApplication()[pri:0, instance:allTests.HomePage_Test2@3daa422a]" started-at="2021-08-20T11:22:52 IST" name="closeApplication" finished-at="2021-08-20T11:22:53 IST" duration-ms="881" status="PASS">
          <reporter-output>
          </reporter-output>
        </test-method> <!-- closeApplication -->
        <test-method is-config="true" signature="launchApplication()[pri:0, instance:allTests.HomePage_Test2@3daa422a]" started-at="2021-08-20T11:22:53 IST" name="launchApplication" finished-at="2021-08-20T11:22:58 IST" duration-ms="5655" status="PASS">
          <reporter-output>
          </reporter-output>
        </test-method> <!-- launchApplication -->
        <test-method signature="Test(java.lang.String)[pri:0, instance:allTests.HomePage_Test2@3daa422a]" started-at="2021-08-20T11:22:58 IST" name="Test" data-provider="TestDataDrivenHomePage" finished-at="2021-08-20T11:22:59 IST" duration-ms="182" status="PASS">
          <params>
            <param index="0">
              <value>
                <![CDATA[SearchBar]]>
              </value>
            </param>
          </params>
          <reporter-output>
          </reporter-output>
        </test-method> <!-- Test -->
        <test-method is-config="true" signature="closeApplication()[pri:0, instance:allTests.HomePage_Test2@3daa422a]" started-at="2021-08-20T11:22:59 IST" name="closeApplication" finished-at="2021-08-20T11:23:00 IST" duration-ms="941" status="PASS">
          <reporter-output>
          </reporter-output>
        </test-method> <!-- closeApplication -->
      </class> <!-- allTests.HomePage_Test2 -->
    </test> <!-- Default test -->
  </suite> <!-- Default suite -->
</testng-results>
